SF:lib/data/datasources/watchlist_local_data_source.dart
DA:19,1
DA:21,1
DA:25,3
DA:26,1
DA:27,0
DA:30,2
DA:34,1
DA:37,2
DA:40,2
DA:44,1
DA:48,2
DA:50,1
DA:56,1
DA:58,2
DA:59,2
DA:61,4
LF:16
LH:15
end_of_record
SF:lib/data/models/watchlist_table.dart
DA:14,2
DA:21,2
DA:22,1
DA:23,1
DA:24,1
DA:25,1
DA:28,1
DA:29,1
DA:30,1
DA:31,1
DA:32,1
DA:33,1
DA:36,2
DA:37,1
DA:38,1
DA:39,1
DA:40,1
DA:43,2
DA:44,1
DA:45,1
DA:46,1
DA:47,1
DA:48,1
DA:51,0
DA:52,0
DA:53,0
DA:54,0
DA:55,0
DA:56,0
DA:59,2
DA:60,1
DA:61,1
DA:62,1
DA:63,1
DA:66,2
DA:67,1
DA:68,1
DA:69,1
DA:70,1
DA:73,2
DA:75,10
LF:41
LH:35
end_of_record
SF:lib/domain/entities/genre.dart
DA:4,7
DA:12,2
DA:13,6
LF:3
LH:3
end_of_record
SF:lib/domain/entities/movie/movie.dart
DA:4,3
DA:20,1
DA:41,3
DA:42,3
DA:43,3
DA:44,3
DA:45,3
DA:46,3
DA:47,3
DA:48,3
DA:49,3
DA:50,3
DA:51,3
DA:52,3
DA:53,3
DA:54,3
DA:55,3
LF:17
LH:17
end_of_record
SF:lib/domain/entities/movie/movie_detail.dart
DA:5,4
DA:33,1
DA:34,1
DA:35,1
DA:36,1
DA:37,1
DA:38,1
DA:39,1
DA:40,1
DA:41,1
DA:42,1
DA:43,1
DA:44,1
DA:45,1
LF:14
LH:14
end_of_record
SF:lib/domain/entities/tv_series/season.dart
DA:4,4
DA:22,0
DA:24,0
LF:3
LH:1
end_of_record
SF:lib/domain/entities/tv_series/tv_series.dart
DA:4,3
DA:21,1
DA:43,3
DA:44,3
DA:45,3
DA:46,3
DA:47,3
DA:48,3
DA:49,3
DA:50,3
DA:51,3
DA:52,3
DA:53,3
DA:54,3
LF:14
LH:14
end_of_record
SF:lib/domain/entities/tv_series/tv_series_detail.dart
DA:6,4
DA:34,1
DA:35,1
DA:36,1
DA:37,1
DA:38,1
DA:39,1
DA:40,1
DA:41,1
DA:42,1
DA:43,1
DA:44,1
LF:12
LH:12
end_of_record
SF:lib/data/datasources/db/database_helper.dart
DA:7,0
DA:11,0
DA:15,0
DA:17,0
DA:24,0
DA:25,0
DA:26,0
DA:28,0
DA:32,0
DA:33,0
DA:39,0
DA:41,0
DA:44,0
DA:45,0
DA:46,0
DA:49,0
DA:51,0
DA:52,0
DA:55,0
DA:59,0
DA:61,0
DA:62,0
DA:65,0
DA:68,0
DA:69,0
DA:75,0
DA:77,0
DA:78,0
DA:79,0
LF:29
LH:0
end_of_record
SF:lib/data/datasources/movie/movie_remote_data_source.dart
DA:25,1
DA:27,1
DA:30,3
DA:32,1
DA:33,2
DA:35,2
DA:36,4
DA:38,1
DA:42,1
DA:45,4
DA:47,2
DA:48,3
DA:50,1
DA:54,1
DA:56,1
DA:57,3
DA:59,2
DA:60,4
DA:62,1
DA:66,1
DA:69,3
DA:71,2
DA:72,4
DA:74,1
DA:78,1
DA:81,3
DA:83,2
DA:84,4
DA:86,1
DA:90,1
DA:92,1
DA:93,3
DA:95,2
DA:96,4
DA:98,1
LF:35
LH:35
end_of_record
SF:lib/data/datasources/tv_series/tv_series_remote_data_source.dart
DA:25,1
DA:27,1
DA:30,3
DA:32,1
DA:33,2
DA:35,2
DA:36,4
DA:38,1
DA:42,1
DA:44,4
DA:46,2
DA:47,3
DA:49,1
DA:53,0
DA:55,0
DA:56,0
DA:58,0
DA:59,0
DA:61,0
DA:65,1
DA:68,3
DA:70,2
DA:71,4
DA:73,1
DA:77,1
DA:80,3
DA:82,2
DA:83,4
DA:85,1
DA:89,1
DA:91,1
DA:92,3
DA:94,2
DA:95,4
DA:97,1
LF:35
LH:29
end_of_record
SF:lib/data/models/movie/movie_detail_model.dart
DA:6,2
DA:52,1
DA:53,1
DA:54,1
DA:55,1
DA:56,1
DA:57,1
DA:58,4
DA:59,1
DA:60,1
DA:61,1
DA:62,1
DA:63,1
DA:64,1
DA:65,2
DA:66,1
DA:67,1
DA:68,1
DA:69,1
DA:70,1
DA:71,1
DA:72,1
DA:73,1
DA:74,2
DA:75,1
DA:78,0
DA:79,0
DA:80,0
DA:81,0
DA:82,0
DA:83,0
DA:84,0
DA:85,0
DA:86,0
DA:87,0
DA:88,0
DA:89,0
DA:90,0
DA:91,0
DA:92,0
DA:93,0
DA:94,0
DA:95,0
DA:96,0
DA:97,0
DA:98,0
DA:99,0
DA:102,1
DA:103,1
DA:104,1
DA:105,1
DA:106,5
DA:107,1
DA:108,1
DA:109,1
DA:110,1
DA:111,1
DA:112,1
DA:113,1
DA:114,1
DA:115,1
DA:119,1
DA:121,1
DA:122,1
DA:123,1
DA:124,1
DA:125,1
DA:126,1
DA:127,1
DA:128,1
DA:129,1
DA:130,1
DA:131,1
DA:132,1
DA:133,1
DA:134,1
DA:135,1
DA:136,1
DA:137,1
DA:138,1
DA:139,1
DA:140,1
DA:141,1
DA:142,1
LF:84
LH:62
end_of_record
SF:lib/data/models/movie/movie_model.dart
DA:5,4
DA:35,4
DA:36,2
DA:37,2
DA:38,8
DA:39,2
DA:40,2
DA:41,2
DA:42,4
DA:43,2
DA:44,2
DA:45,2
DA:46,2
DA:47,4
DA:48,2
DA:51,2
DA:52,1
DA:53,1
DA:54,4
DA:55,1
DA:56,1
DA:57,1
DA:58,1
DA:59,1
DA:60,1
DA:61,1
DA:62,1
DA:63,1
DA:64,1
DA:67,2
DA:68,2
DA:69,2
DA:70,2
DA:71,2
DA:72,2
DA:73,2
DA:74,2
DA:75,2
DA:76,2
DA:77,2
DA:78,2
DA:79,2
DA:80,2
DA:81,2
DA:85,2
DA:86,2
DA:87,2
DA:88,2
DA:89,2
DA:90,2
DA:91,2
DA:92,2
DA:93,2
DA:94,2
DA:95,2
DA:96,2
DA:97,2
DA:98,2
DA:99,2
LF:59
LH:59
end_of_record
SF:lib/data/models/tv_series/tv_series_detail_model.dart
DA:9,0
DA:10,0
DA:12,0
DA:13,0
DA:49,2
DA:84,1
DA:85,1
DA:86,1
DA:87,1
DA:88,3
DA:89,4
DA:90,1
DA:91,1
DA:92,4
DA:93,1
DA:94,1
DA:95,1
DA:96,4
DA:97,1
DA:99,2
DA:100,1
DA:101,1
DA:102,1
DA:103,4
DA:104,1
DA:105,1
DA:106,4
DA:107,1
DA:108,1
DA:109,1
DA:110,2
DA:111,1
DA:113,3
DA:114,1
DA:115,1
DA:116,3
DA:117,1
DA:118,4
DA:119,1
DA:120,4
DA:121,1
DA:122,1
DA:123,1
DA:124,2
DA:125,1
DA:128,0
DA:129,0
DA:130,0
DA:131,0
DA:132,0
DA:133,0
DA:134,0
DA:135,0
DA:136,0
DA:137,0
DA:138,0
DA:139,0
DA:140,0
DA:141,0
DA:142,0
DA:143,0
DA:144,0
DA:145,0
DA:146,0
DA:147,0
DA:148,0
DA:149,0
DA:150,0
DA:151,0
DA:153,0
DA:155,0
DA:156,0
DA:158,0
DA:159,0
DA:160,0
DA:161,0
DA:162,0
DA:163,0
DA:166,1
DA:167,1
DA:168,1
DA:169,1
DA:170,1
DA:171,1
DA:172,5
DA:173,1
DA:174,1
DA:175,1
DA:176,1
DA:177,1
DA:178,1
DA:179,5
DA:183,1
DA:184,1
DA:185,1
DA:186,1
DA:187,1
DA:188,1
DA:189,1
DA:190,1
DA:191,1
DA:192,1
DA:193,1
DA:194,1
DA:195,1
DA:196,1
DA:197,1
DA:198,1
DA:199,1
DA:200,1
DA:201,1
DA:202,1
DA:203,1
DA:204,1
DA:205,1
DA:206,1
DA:207,1
DA:208,1
DA:209,1
DA:210,1
DA:211,1
DA:230,2
DA:246,1
DA:247,1
DA:248,1
DA:249,1
DA:250,1
DA:251,1
DA:252,1
DA:253,2
DA:254,1
DA:255,1
DA:256,1
DA:257,1
DA:258,1
DA:259,1
DA:260,1
DA:263,0
DA:264,0
DA:265,0
DA:266,0
DA:267,0
DA:268,0
DA:270,0
DA:271,0
DA:272,0
DA:273,0
DA:274,0
DA:275,0
DA:276,0
DA:277,0
DA:287,2
DA:294,2
DA:295,1
DA:296,1
DA:297,1
DA:298,1
DA:301,0
DA:302,0
DA:303,0
DA:304,0
DA:305,0
DA:313,1
DA:318,1
DA:319,1
DA:320,1
DA:321,1
DA:324,0
DA:325,0
DA:326,0
DA:335,1
DA:341,2
DA:342,1
DA:343,1
DA:344,1
DA:347,0
DA:348,0
DA:349,0
DA:350,0
LF:179
LH:116
end_of_record
SF:lib/data/models/tv_series/tv_series_model.dart
DA:5,4
DA:37,4
DA:38,2
DA:39,2
DA:40,8
DA:41,2
DA:42,8
DA:43,2
DA:44,2
DA:45,2
DA:46,4
DA:47,2
DA:48,2
DA:49,2
DA:50,4
DA:51,2
DA:54,2
DA:55,1
DA:56,1
DA:57,4
DA:58,1
DA:59,4
DA:60,1
DA:61,1
DA:62,1
DA:63,1
DA:64,1
DA:65,1
DA:66,1
DA:67,1
DA:68,1
DA:71,2
DA:72,2
DA:73,2
DA:74,2
DA:75,2
DA:76,2
DA:77,2
DA:78,2
DA:79,2
DA:80,2
DA:81,2
DA:82,2
DA:83,2
DA:84,2
DA:85,2
DA:86,2
DA:90,2
DA:91,2
DA:92,2
DA:93,2
DA:94,2
DA:95,2
DA:96,2
DA:97,2
DA:98,2
DA:99,2
DA:100,2
DA:101,2
LF:59
LH:59
end_of_record
SF:lib/domain/usecases/movies/get_movie_detail.dart
DA:9,1
DA:11,1
DA:12,2
LF:3
LH:3
end_of_record
SF:lib/domain/usecases/movies/get_now_playing_movies.dart
DA:9,1
DA:11,1
DA:12,2
LF:3
LH:3
end_of_record
SF:lib/domain/usecases/movies/get_popular_movies.dart
DA:9,1
DA:11,1
DA:12,2
LF:3
LH:3
end_of_record
SF:lib/domain/usecases/movies/get_top_rated_movies.dart
DA:9,1
DA:11,1
DA:12,2
LF:3
LH:3
end_of_record
SF:lib/domain/usecases/movies/search_movies.dart
DA:9,1
DA:11,1
DA:12,2
LF:3
LH:3
end_of_record
SF:lib/domain/usecases/tv_series/get_now_playing_tv_series.dart
DA:9,1
DA:11,1
DA:12,2
LF:3
LH:3
end_of_record
SF:lib/domain/usecases/tv_series/get_popular_tv_series.dart
DA:9,1
DA:11,1
DA:12,2
LF:3
LH:3
end_of_record
SF:lib/domain/usecases/tv_series/get_top_rated_tv_series.dart
DA:9,1
DA:11,1
DA:12,2
LF:3
LH:3
end_of_record
SF:lib/domain/usecases/tv_series/get_tv_series_detail.dart
DA:9,1
DA:11,1
DA:12,2
LF:3
LH:3
end_of_record
SF:lib/domain/usecases/tv_series/search_tv_series.dart
DA:9,1
DA:11,1
DA:12,2
LF:3
LH:3
end_of_record
SF:lib/styles/text_styles.dart
DA:6,0
DA:7,0
DA:8,0
DA:10,0
DA:12,0
DA:16,0
DA:17,0
DA:18,0
DA:19,0
DA:20,0
LF:10
LH:0
end_of_record
SF:lib/utils/constants.dart
DA:5,0
DA:6,0
LF:2
LH:0
end_of_record
SF:lib/utils/exception.dart
DA:6,2
LF:1
LH:1
end_of_record
SF:lib/utils/failure.dart
DA:6,3
DA:8,3
DA:9,6
DA:13,4
DA:17,4
DA:21,2
LF:6
LH:6
end_of_record
SF:lib/data/models/movie/movie_response.dart
DA:7,2
DA:9,4
DA:10,4
DA:11,6
DA:12,6
DA:15,2
DA:16,5
DA:19,1
DA:20,2
LF:9
LH:9
end_of_record
SF:lib/data/models/tv_series/tv_series_response.dart
DA:7,2
DA:9,2
DA:10,2
DA:11,4
DA:12,6
DA:13,6
DA:16,2
DA:17,5
DA:20,1
DA:21,2
LF:10
LH:10
end_of_record
SF:lib/data/models/genre_model.dart
DA:5,4
DA:13,4
DA:14,2
DA:15,2
DA:18,0
DA:19,0
DA:20,0
DA:23,2
DA:24,6
DA:27,2
DA:28,6
LF:11
LH:8
end_of_record
SF:lib/data/models/tv_series/season_model.dart
DA:13,2
DA:24,2
DA:25,1
DA:26,1
DA:27,1
DA:28,1
DA:29,1
DA:30,1
DA:31,1
DA:32,2
DA:35,0
DA:36,0
DA:37,0
DA:38,0
DA:39,0
DA:40,0
DA:41,0
DA:42,0
DA:43,0
DA:46,1
DA:47,1
DA:48,1
DA:49,1
DA:50,1
DA:51,1
DA:52,1
DA:53,1
DA:54,1
LF:28
LH:19
end_of_record
SF:lib/data/repositories/movie_repository_impl.dart
DA:13,1
DA:17,1
DA:20,2
DA:21,5
DA:22,1
DA:23,2
DA:24,1
DA:25,2
DA:29,1
DA:32,2
DA:33,2
DA:34,1
DA:35,2
DA:36,1
DA:37,2
DA:41,1
DA:44,2
DA:45,3
DA:46,1
DA:47,2
DA:48,1
DA:49,2
DA:53,1
DA:56,2
DA:57,5
DA:58,1
DA:59,2
DA:60,1
DA:61,2
DA:65,1
DA:68,2
DA:69,5
DA:70,1
DA:71,2
DA:72,1
DA:73,2
DA:77,1
DA:80,2
DA:81,5
DA:82,1
DA:83,2
DA:84,1
DA:85,2
LF:43
LH:43
end_of_record
SF:lib/data/repositories/tv_series_repository_impl.dart
DA:14,1
DA:18,1
DA:21,2
DA:22,5
DA:23,1
DA:24,2
DA:25,1
DA:26,2
DA:30,1
DA:33,2
DA:34,2
DA:35,1
DA:36,2
DA:37,1
DA:38,2
DA:42,1
DA:46,2
DA:47,3
DA:48,1
DA:49,2
DA:50,1
DA:51,2
DA:55,1
DA:58,2
DA:59,5
DA:60,1
DA:61,2
DA:62,1
DA:63,2
DA:67,1
DA:70,2
DA:71,5
DA:72,1
DA:73,2
DA:74,1
DA:75,2
DA:79,1
DA:82,2
DA:83,5
DA:84,1
DA:85,2
DA:86,1
DA:87,2
LF:43
LH:43
end_of_record
SF:lib/data/repositories/watchlist_repository_impl.dart
DA:15,1
DA:19,1
DA:22,2
DA:23,1
DA:24,1
DA:25,1
DA:26,3
DA:32,1
DA:36,2
DA:37,1
DA:38,1
DA:39,1
DA:40,3
DA:46,1
DA:50,2
DA:51,1
DA:52,1
DA:53,3
DA:57,1
DA:59,2
DA:63,1
DA:65,2
DA:66,5
DA:69,1
DA:71,2
DA:72,5
LF:26
LH:26
end_of_record
SF:lib/domain/usecases/tv_series/get_tv_series_recommendations.dart
DA:9,1
DA:11,1
DA:12,2
LF:3
LH:3
end_of_record
SF:lib/domain/usecases/movies/get_movie_recommendations.dart
DA:9,1
DA:11,1
DA:12,2
LF:3
LH:3
end_of_record
SF:lib/domain/usecases/watchlist/remove_watchlist.dart
DA:9,2
DA:11,2
DA:12,4
LF:3
LH:3
end_of_record
SF:lib/domain/usecases/watchlist/save_watchlist_tv_series.dart
DA:9,1
DA:11,1
DA:12,2
LF:3
LH:3
end_of_record
SF:lib/domain/usecases/watchlist/save_watchlist_movie.dart
DA:9,1
DA:11,1
DA:12,2
LF:3
LH:3
end_of_record
SF:lib/domain/usecases/watchlist/get_watchlist_tv_series.dart
DA:9,1
DA:11,1
DA:12,2
LF:3
LH:3
end_of_record
SF:lib/domain/usecases/watchlist/get_watchlist_movies.dart
DA:9,1
DA:11,1
DA:12,2
LF:3
LH:3
end_of_record
SF:lib/domain/usecases/watchlist/get_watchlist_status.dart
DA:7,1
DA:9,1
DA:10,2
LF:3
LH:3
end_of_record
